<?xml version="1.0" encoding="UTF-8"?>
<!-- Generated by org.testng.reporters.JUnitXMLReporter -->
<testsuite hostname="DESKTOP-UC70A16" ignored="0" name="Command line test" tests="6" failures="0" timestamp="2022-03-25T11:12:58 IST" time="0.079" errors="0">
  <testcase name="app" time="0.008" classname="qaclickacademy.AppiumTest"/>
  <testcase name="app1" time="0.001" classname="qaclickacademy.AppiumTest"/>
  <testcase name="rest" time="0.0" classname="qaclickacademy.RESTAPITest"/>
  <testcase name="rest1" time="0.001" classname="qaclickacademy.RESTAPITest"/>
  <testcase name="sel" time="0.0" classname="qaclickacademy.SeleniumTest"/>
  <testcase name="sel1" time="0.0" classname="qaclickacademy.SeleniumTest"/>
</testsuite> <!-- Command line test -->
