<?xml version="1.0" encoding="UTF-8"?>
<testng-results skipped="0" failed="0" ignored="0" total="2" passed="2">
  <reporter-output>
  </reporter-output>
  <suite name="Suite" duration-ms="81" started-at="2022-03-25T11:14:25 IST" finished-at="2022-03-25T11:14:25 IST">
    <groups>
    </groups>
    <test name="Test" duration-ms="81" started-at="2022-03-25T11:14:25 IST" finished-at="2022-03-25T11:14:25 IST">
      <class name="qaclickacademy.AppiumTest">
        <test-method status="PASS" signature="app()[pri:0, instance:qaclickacademy.AppiumTest@37d31475]" name="app" duration-ms="11" started-at="2022-03-25T11:14:25 IST" finished-at="2022-03-25T11:14:25 IST">
          <reporter-output>
          </reporter-output>
        </test-method> <!-- app -->
        <test-method status="PASS" signature="app1()[pri:0, instance:qaclickacademy.AppiumTest@37d31475]" name="app1" duration-ms="1" started-at="2022-03-25T11:14:25 IST" finished-at="2022-03-25T11:14:25 IST">
          <reporter-output>
          </reporter-output>
        </test-method> <!-- app1 -->
      </class> <!-- qaclickacademy.AppiumTest -->
    </test> <!-- Test -->
  </suite> <!-- Suite -->
</testng-results>
