<?xml version="1.0" encoding="UTF-8"?>
<testng-results ignored="0" total="2" passed="2" failed="0" skipped="0">
  <reporter-output>
  </reporter-output>
  <suite started-at="2022-03-25T08:20:04 IST" name="Default suite" finished-at="2022-03-25T08:20:04 IST" duration-ms="65">
    <groups>
    </groups>
    <test started-at="2022-03-25T08:20:04 IST" name="Default test" finished-at="2022-03-25T08:20:04 IST" duration-ms="65">
      <class name="qaclickacademy.RESTAPITest">
        <test-method signature="rest()[pri:0, instance:qaclickacademy.RESTAPITest@7e7be63f]" started-at="2022-03-25T08:20:04 IST" name="rest" finished-at="2022-03-25T08:20:04 IST" duration-ms="10" status="PASS">
          <reporter-output>
          </reporter-output>
        </test-method> <!-- rest -->
        <test-method signature="rest1()[pri:0, instance:qaclickacademy.RESTAPITest@7e7be63f]" started-at="2022-03-25T08:20:04 IST" name="rest1" finished-at="2022-03-25T08:20:04 IST" duration-ms="1" status="PASS">
          <reporter-output>
          </reporter-output>
        </test-method> <!-- rest1 -->
      </class> <!-- qaclickacademy.RESTAPITest -->
    </test> <!-- Default test -->
  </suite> <!-- Default suite -->
</testng-results>
